<?xml version="1.0" encoding="UTF-8"?>
<testsuite xmlns:xsi="http://www.w3.org/2001/XMLSchema-instance" xsi:noNamespaceSchemaLocation="https://maven.apache.org/surefire/maven-surefire-plugin/xsd/surefire-test-report-3.0.xsd" version="3.0" name="br.com.alura.forum.service.DashboardServiceTest" time="0.746" tests="1" errors="0" skipped="0" failures="0">
  <properties>
[...]
</properties>
  <testcase name="contadoresDeveriamEstarZeradosNoCasoDeNaoHaverTopicosAbertos" classname="br.com.alura.forum.service.DashboardServiceTest" time="0.728"/>
</testsuite>